<?xml version="1.0" encoding="UTF-8"?>
<!-- Generated by org.testng.reporters.JUnitReportReporter -->
<testsuite hostname="DESKTOP-HP1F42K" failures="0" tests="6" name="Test.TC01" time="53.975" errors="0" timestamp="2023-04-13T14:21:05 IST" skipped="0">
  <testcase classname="Test.TC01" name="verifyLoginWithValidCredential" time="10.085"/>
  <system-out/>
  <testcase classname="Test.TC01" name="verifySearchBar" time="12.056"/>
  <system-out/>
  <testcase classname="Test.TC01" name="verifyMouseHover" time="8.180"/>
  <system-out/>
  <testcase classname="Test.TC01" name="verifyScrollDown" time="6.523"/>
  <system-out/>
  <testcase classname="Test.TC01" name="verifyGetWindowHandle" time="10.400"/>
  <system-out/>
  <testcase classname="Test.TC01" name="verifyCookiesHandle" time="6.731"/>
  <system-out/>
</testsuite> <!-- Test.TC01 -->
